[2019-12-07 02:13:42] laravel.EMERGENCY: Unable to create configured logger. Using emergency logger. {"exception":"[object] (InvalidArgumentException(code: 0): Log [] is not defined. at /home/vagrant/code/MyApp/vendor/laravel/framework/src/Illuminate/Log/LogManager.php:184)
[stacktrace]
#0 /home/vagrant/code/MyApp/vendor/laravel/framework/src/Illuminate/Log/LogManager.php(118): Illuminate\\Log\\LogManager->resolve()
#1 /home/vagrant/code/MyApp/vendor/laravel/framework/src/Illuminate/Log/LogManager.php(98): Illuminate\\Log\\LogManager->get()
#2 /home/vagrant/code/MyApp/vendor/laravel/framework/src/Illuminate/Log/LogManager.php(539): Illuminate\\Log\\LogManager->driver()
#3 /home/vagrant/code/MyApp/vendor/laravel/framework/src/Illuminate/Foundation/Exceptions/Handler.php(118): Illuminate\\Log\\LogManager->error()
#4 /home/vagrant/code/MyApp/app/Exceptions/Handler.php(37): Illuminate\\Foundation\\Exceptions\\Handler->report()
#5 /home/vagrant/code/MyApp/vendor/laravel/framework/src/Illuminate/Foundation/Console/Kernel.php(376): App\\Exceptions\\Handler->report()
#6 /home/vagrant/code/MyApp/vendor/laravel/framework/src/Illuminate/Foundation/Console/Kernel.php(141): Illuminate\\Foundation\\Console\\Kernel->reportException()
#7 /home/vagrant/code/MyApp/artisan(37): Illuminate\\Foundation\\Console\\Kernel->handle()
#8 {main}
"} 
[2019-12-07 02:13:42] laravel.ERROR: syntax error, unexpected 'connections' (T_STRING), expecting ')' {"exception":"[object] (Symfony\\Component\\Debug\\Exception\\FatalThrowableError(code: 0): syntax error, unexpected 'connections' (T_STRING), expecting ')' at /home/vagrant/code/MyApp/config/database.php:36)
[stacktrace]
#0 /home/vagrant/code/MyApp/vendor/laravel/framework/src/Illuminate/Foundation/Bootstrap/LoadConfiguration.php(39): Illuminate\\Foundation\\Bootstrap\\LoadConfiguration->loadConfigurationFiles()
#1 /home/vagrant/code/MyApp/vendor/laravel/framework/src/Illuminate/Foundation/Application.php(211): Illuminate\\Foundation\\Bootstrap\\LoadConfiguration->bootstrap()
#2 /home/vagrant/code/MyApp/vendor/laravel/framework/src/Illuminate/Foundation/Console/Kernel.php(320): Illuminate\\Foundation\\Application->bootstrapWith()
#3 /home/vagrant/code/MyApp/vendor/laravel/framework/src/Illuminate/Foundation/Console/Kernel.php(129): Illuminate\\Foundation\\Console\\Kernel->bootstrap()
#4 /home/vagrant/code/MyApp/artisan(37): Illuminate\\Foundation\\Console\\Kernel->handle()
#5 {main}
"} 
